0 info it worked if it ends with ok
1 verbose cli [ '/usr/local/Cellar/node/7.4.0/bin/node',
1 verbose cli   '/usr/local/bin/npm',
1 verbose cli   'run',
1 verbose cli   'build' ]
2 info using npm@4.0.5
3 info using node@v7.4.0
4 verbose run-script [ 'prebuild', 'build', 'postbuild' ]
5 info lifecycle elm-webpack-starter@0.8.6~prebuild: elm-webpack-starter@0.8.6
6 verbose lifecycle elm-webpack-starter@0.8.6~prebuild: unsafe-perm in lifecycle true
7 verbose lifecycle elm-webpack-starter@0.8.6~prebuild: PATH: /usr/local/lib/node_modules/npm/bin/node-gyp-bin:/Users/stoyan/projects/emis-elm/node_modules/.bin:/usr/local/bin:/usr/bin:/bin:/usr/sbin:/sbin:/opt/X11/bin
8 verbose lifecycle elm-webpack-starter@0.8.6~prebuild: CWD: /Users/stoyan/projects/emis-elm
9 silly lifecycle elm-webpack-starter@0.8.6~prebuild: Args: [ '-c', 'rimraf dist' ]
10 silly lifecycle elm-webpack-starter@0.8.6~prebuild: Returned: code: 0  signal: null
11 info lifecycle elm-webpack-starter@0.8.6~build: elm-webpack-starter@0.8.6
12 verbose lifecycle elm-webpack-starter@0.8.6~build: unsafe-perm in lifecycle true
13 verbose lifecycle elm-webpack-starter@0.8.6~build: PATH: /usr/local/lib/node_modules/npm/bin/node-gyp-bin:/Users/stoyan/projects/emis-elm/node_modules/.bin:/usr/local/bin:/usr/bin:/bin:/usr/sbin:/sbin:/opt/X11/bin
14 verbose lifecycle elm-webpack-starter@0.8.6~build: CWD: /Users/stoyan/projects/emis-elm
15 silly lifecycle elm-webpack-starter@0.8.6~build: Args: [ '-c', 'webpack' ]
16 silly lifecycle elm-webpack-starter@0.8.6~build: Returned: code: 2  signal: null
17 info lifecycle elm-webpack-starter@0.8.6~build: Failed to exec build script
18 verbose stack Error: elm-webpack-starter@0.8.6 build: `webpack`
18 verbose stack Exit status 2
18 verbose stack     at EventEmitter.<anonymous> (/usr/local/lib/node_modules/npm/lib/utils/lifecycle.js:279:16)
18 verbose stack     at emitTwo (events.js:106:13)
18 verbose stack     at EventEmitter.emit (events.js:191:7)
18 verbose stack     at ChildProcess.<anonymous> (/usr/local/lib/node_modules/npm/lib/utils/spawn.js:40:14)
18 verbose stack     at emitTwo (events.js:106:13)
18 verbose stack     at ChildProcess.emit (events.js:191:7)
18 verbose stack     at maybeClose (internal/child_process.js:885:16)
18 verbose stack     at Process.ChildProcess._handle.onexit (internal/child_process.js:226:5)
19 verbose pkgid elm-webpack-starter@0.8.6
20 verbose cwd /Users/stoyan/projects/emis-elm
21 error Darwin 15.6.0
22 error argv "/usr/local/Cellar/node/7.4.0/bin/node" "/usr/local/bin/npm" "run" "build"
23 error node v7.4.0
24 error npm  v4.0.5
25 error code ELIFECYCLE
26 error elm-webpack-starter@0.8.6 build: `webpack`
26 error Exit status 2
27 error Failed at the elm-webpack-starter@0.8.6 build script 'webpack'.
27 error Make sure you have the latest version of node.js and npm installed.
27 error If you do, this is most likely a problem with the elm-webpack-starter package,
27 error not with npm itself.
27 error Tell the author that this fails on your system:
27 error     webpack
27 error You can get information on how to open an issue for this project with:
27 error     npm bugs elm-webpack-starter
27 error Or if that isn't available, you can get their info via:
27 error     npm owner ls elm-webpack-starter
27 error There is likely additional logging output above.
28 verbose exit [ 1, true ]
